2015-09-17 22:57:49,345 [main] ERROR StackTrace  - Full Stack Trace:
java.lang.IllegalArgumentException: Parameter for constraint [min] of property [costEstimated] of class [class softwareestimation.Task] must be the same type as property: [double]
	at org.codehaus.groovy.grails.validation.MinConstraint.setParameter(MinConstraint.java:68)
	at org.codehaus.groovy.grails.validation.ConstrainedProperty.applyConstraint(ConstrainedProperty.java:1006)
	at org.codehaus.groovy.grails.validation.ConstrainedPropertyBuilder.createNode(ConstrainedPropertyBuilder.java:133)
	at groovy.util.BuilderSupport.doInvokeMethod(BuilderSupport.java:81)
	at org.codehaus.groovy.grails.validation.ConstrainedPropertyBuilder.doInvokeMethod(ConstrainedPropertyBuilder.java:69)
	at groovy.util.BuilderSupport.invokeMethod(BuilderSupport.java:64)
	at groovy.lang.MetaClassImpl.invokeMethodOnGroovyObject(MetaClassImpl.java:1151)
	at groovy.lang.MetaClassImpl.invokeMethod(MetaClassImpl.java:983)
	at groovy.lang.ExpandoMetaClass.invokeMethod(ExpandoMetaClass.java:1110)
	at groovy.lang.MetaClassImpl.invokeMethod(MetaClassImpl.java:910)
	at org.codehaus.groovy.runtime.callsite.PogoMetaClassSite.callCurrent(PogoMetaClassSite.java:66)
	at org.codehaus.groovy.runtime.callsite.CallSiteArray.defaultCallCurrent(CallSiteArray.java:49)
	at org.codehaus.groovy.runtime.callsite.AbstractCallSite.callCurrent(AbstractCallSite.java:133)
	at org.codehaus.groovy.runtime.callsite.AbstractCallSite.callCurrent(AbstractCallSite.java:141)
	at softwareestimation.Task$__clinit__closure1.doCall(Task.groovy:19)
	at softwareestimation.Task$__clinit__closure1.doCall(Task.groovy)
	at sun.reflect.NativeMethodAccessorImpl.invoke0(Native Method)
	at sun.reflect.NativeMethodAccessorImpl.invoke(NativeMethodAccessorImpl.java:62)
	at sun.reflect.DelegatingMethodAccessorImpl.invoke(DelegatingMethodAccessorImpl.java:43)
	at java.lang.reflect.Method.invoke(Method.java:497)
	at org.codehaus.groovy.reflection.CachedMethod.invoke(CachedMethod.java:90)
	at groovy.lang.MetaMethod.doMethodInvoke(MetaMethod.java:233)
	at groovy.lang.MetaClassImpl.invokeMethod(MetaClassImpl.java:1086)
	at groovy.lang.ExpandoMetaClass.invokeMethod(ExpandoMetaClass.java:1110)
	at groovy.lang.MetaClassImpl.invokeMethod(MetaClassImpl.java:910)
	at groovy.lang.Closure.call(Closure.java:411)
	at groovy.lang.Closure.call(Closure.java:405)
	at org.codehaus.groovy.grails.validation.DefaultConstraintEvaluator.evaluateConstraints(DefaultConstraintEvaluator.java:105)
	at org.codehaus.groovy.grails.validation.DefaultConstraintEvaluator.evaluate(DefaultConstraintEvaluator.java:300)
	at org.codehaus.groovy.grails.commons.DefaultGrailsDomainClass.initializeConstraints(DefaultGrailsDomainClass.java:755)
	at org.codehaus.groovy.grails.commons.DefaultGrailsDomainClass.getConstrainedProperties(DefaultGrailsDomainClass.java:747)
	at sun.reflect.NativeMethodAccessorImpl.invoke0(Native Method)
	at sun.reflect.NativeMethodAccessorImpl.invoke(NativeMethodAccessorImpl.java:62)
	at sun.reflect.DelegatingMethodAccessorImpl.invoke(DelegatingMethodAccessorImpl.java:43)
	at java.lang.reflect.Method.invoke(Method.java:497)
	at org.codehaus.groovy.reflection.CachedMethod.invoke(CachedMethod.java:90)
	at groovy.lang.MetaMethod.doMethodInvoke(MetaMethod.java:233)
	at groovy.lang.MetaClassImpl.getProperty(MetaClassImpl.java:1725)
	at groovy.lang.ExpandoMetaClass.getProperty(ExpandoMetaClass.java:1140)
	at groovy.lang.MetaClassImpl.getProperty(MetaClassImpl.java:3461)
	at groovy.lang.ExpandoMetaClass.getProperty(ExpandoMetaClass.java:1152)
	at org.codehaus.groovy.runtime.InvokerHelper.getProperty(InvokerHelper.java:174)
	at org.codehaus.groovy.runtime.callsite.PojoMetaClassGetPropertySite.getProperty(PojoMetaClassGetPropertySite.java:33)
	at org.codehaus.groovy.runtime.callsite.AbstractCallSite.callGetProperty(AbstractCallSite.java:227)
	at SimpleTemplateScript2$_run_closure1.doCall(SimpleTemplateScript2.groovy:28)
	at sun.reflect.NativeMethodAccessorImpl.invoke0(Native Method)
	at sun.reflect.NativeMethodAccessorImpl.invoke(NativeMethodAccessorImpl.java:62)
	at sun.reflect.DelegatingMethodAccessorImpl.invoke(DelegatingMethodAccessorImpl.java:43)
	at java.lang.reflect.Method.invoke(Method.java:497)
	at org.codehaus.groovy.runtime.callsite.PogoMetaMethodSite$PogoCachedMethodSiteNoUnwrapNoCoerce.invoke(PogoMetaMethodSite.java:272)
	at org.codehaus.groovy.runtime.callsite.PogoMetaMethodSite.call(PogoMetaMethodSite.java:64)
	at org.codehaus.groovy.runtime.callsite.CallSiteArray.defaultCall(CallSiteArray.java:45)
	at org.codehaus.groovy.runtime.callsite.AbstractCallSite.call(AbstractCallSite.java:108)
	at org.codehaus.groovy.runtime.callsite.BooleanReturningMethodInvoker.invoke(BooleanReturningMethodInvoker.java:49)
	at org.codehaus.groovy.runtime.callsite.BooleanClosureWrapper.call(BooleanClosureWrapper.java:52)
	at org.codehaus.groovy.runtime.DefaultGroovyMethods.findAll(DefaultGroovyMethods.java:3181)
	at org.codehaus.groovy.runtime.DefaultGroovyMethods.findAll(DefaultGroovyMethods.java:3106)
	at org.codehaus.groovy.runtime.dgm$173.invoke(Unknown Source)
	at org.codehaus.groovy.runtime.callsite.PojoMetaMethodSite$PojoMetaMethodSiteNoUnwrapNoCoerce.invoke(PojoMetaMethodSite.java:271)
	at org.codehaus.groovy.runtime.callsite.PojoMetaMethodSite.call(PojoMetaMethodSite.java:53)
	at org.codehaus.groovy.runtime.callsite.CallSiteArray.defaultCall(CallSiteArray.java:45)
	at org.codehaus.groovy.runtime.callsite.AbstractCallSite.call(AbstractCallSite.java:108)
	at org.codehaus.groovy.runtime.callsite.AbstractCallSite.call(AbstractCallSite.java:116)
	at SimpleTemplateScript2.run(SimpleTemplateScript2.groovy:28)
	at groovy.text.SimpleTemplateEngine$SimpleTemplate$1.writeTo(SimpleTemplateEngine.java:165)
	at org.codehaus.groovy.grails.scaffolding.AbstractGrailsTemplateGenerator.generate(AbstractGrailsTemplateGenerator.java:275)
	at org.codehaus.groovy.grails.scaffolding.AbstractGrailsTemplateGenerator.generateView(AbstractGrailsTemplateGenerator.java:165)
	at org.codehaus.groovy.grails.scaffolding.AbstractGrailsTemplateGenerator.generateView(AbstractGrailsTemplateGenerator.java:180)
	at org.codehaus.groovy.grails.scaffolding.AbstractGrailsTemplateGenerator.generateViews(AbstractGrailsTemplateGenerator.java:89)
	at org.codehaus.groovy.grails.scaffolding.GrailsTemplateGenerator$generateViews.call(Unknown Source)
	at org.codehaus.groovy.runtime.callsite.CallSiteArray.defaultCall(CallSiteArray.java:45)
	at org.codehaus.groovy.runtime.callsite.AbstractCallSite.call(AbstractCallSite.java:108)
	at org.codehaus.groovy.runtime.callsite.AbstractCallSite.call(AbstractCallSite.java:120)
	at _GrailsGenerate_groovy.generateForDomainClass(_GrailsGenerate_groovy:86)
	at sun.reflect.NativeMethodAccessorImpl.invoke0(Native Method)
	at sun.reflect.NativeMethodAccessorImpl.invoke(NativeMethodAccessorImpl.java:62)
	at sun.reflect.DelegatingMethodAccessorImpl.invoke(DelegatingMethodAccessorImpl.java:43)
	at java.lang.reflect.Method.invoke(Method.java:497)
	at org.codehaus.groovy.reflection.CachedMethod.invoke(CachedMethod.java:90)
	at groovy.lang.MetaMethod.doMethodInvoke(MetaMethod.java:233)
	at groovy.lang.MetaClassImpl.invokeMethod(MetaClassImpl.java:1086)
	at groovy.lang.ExpandoMetaClass.invokeMethod(ExpandoMetaClass.java:1110)
	at groovy.lang.MetaClassImpl.invokeMethod(MetaClassImpl.java:910)
	at groovy.lang.MetaClassImpl.invokeMethod(MetaClassImpl.java:1031)
	at groovy.lang.ExpandoMetaClass.invokeMethod(ExpandoMetaClass.java:1110)
	at groovy.lang.MetaClassImpl.invokeMethod(MetaClassImpl.java:910)
	at groovy.lang.DelegatingMetaClass.invokeMethod(DelegatingMetaClass.java:149)
	at org.codehaus.gant.GantMetaClass.invokeMethod(GantMetaClass.java:133)
	at org.codehaus.groovy.runtime.callsite.PogoMetaClassSite.callCurrent(PogoMetaClassSite.java:66)
	at org.codehaus.groovy.runtime.callsite.CallSiteArray.defaultCallCurrent(CallSiteArray.java:49)
	at org.codehaus.groovy.runtime.callsite.AbstractCallSite.callCurrent(AbstractCallSite.java:133)
	at org.codehaus.groovy.runtime.callsite.AbstractCallSite.callCurrent(AbstractCallSite.java:141)
	at _GrailsGenerate_groovy$_run_closure1.doCall(_GrailsGenerate_groovy:54)
	at sun.reflect.NativeMethodAccessorImpl.invoke0(Native Method)
	at sun.reflect.NativeMethodAccessorImpl.invoke(NativeMethodAccessorImpl.java:62)
	at sun.reflect.DelegatingMethodAccessorImpl.invoke(DelegatingMethodAccessorImpl.java:43)
	at java.lang.reflect.Method.invoke(Method.java:497)
	at org.codehaus.groovy.reflection.CachedMethod.invoke(CachedMethod.java:90)
	at groovy.lang.MetaMethod.doMethodInvoke(MetaMethod.java:233)
	at groovy.lang.MetaClassImpl.invokeMethod(MetaClassImpl.java:1086)
	at groovy.lang.ExpandoMetaClass.invokeMethod(ExpandoMetaClass.java:1110)
	at groovy.lang.MetaClassImpl.invokeMethod(MetaClassImpl.java:910)
	at groovy.lang.DelegatingMetaClass.invokeMethod(DelegatingMetaClass.java:149)
	at org.codehaus.gant.GantMetaClass.invokeMethod(GantMetaClass.java:133)
	at org.codehaus.groovy.runtime.callsite.PogoMetaClassSite.call(PogoMetaClassSite.java:39)
	at org.codehaus.groovy.runtime.callsite.CallSiteArray.defaultCall(CallSiteArray.java:45)
	at org.codehaus.groovy.runtime.callsite.PogoMetaClassSite.call(PogoMetaClassSite.java:54)
	at org.codehaus.groovy.runtime.callsite.AbstractCallSite.call(AbstractCallSite.java:116)
	at org.codehaus.gant.GantBinding$_initializeGantBinding_closure5_closure16_closure18.doCall(GantBinding.groovy:185)
	at sun.reflect.NativeMethodAccessorImpl.invoke0(Native Method)
	at sun.reflect.NativeMethodAccessorImpl.invoke(NativeMethodAccessorImpl.java:62)
	at sun.reflect.DelegatingMethodAccessorImpl.invoke(DelegatingMethodAccessorImpl.java:43)
	at java.lang.reflect.Method.invoke(Method.java:497)
	at org.codehaus.groovy.runtime.callsite.PogoMetaMethodSite$PogoCachedMethodSite.invoke(PogoMetaMethodSite.java:231)
	at org.codehaus.groovy.runtime.callsite.PogoMetaMethodSite.callCurrent(PogoMetaMethodSite.java:52)
	at org.codehaus.groovy.runtime.callsite.AbstractCallSite.callCurrent(AbstractCallSite.java:141)
	at org.codehaus.gant.GantBinding$_initializeGantBinding_closure5_closure16_closure18.doCall(GantBinding.groovy)
	at sun.reflect.NativeMethodAccessorImpl.invoke0(Native Method)
	at sun.reflect.NativeMethodAccessorImpl.invoke(NativeMethodAccessorImpl.java:62)
	at sun.reflect.DelegatingMethodAccessorImpl.invoke(DelegatingMethodAccessorImpl.java:43)
	at java.lang.reflect.Method.invoke(Method.java:497)
	at org.codehaus.groovy.runtime.callsite.PogoMetaMethodSite$PogoCachedMethodSiteNoUnwrapNoCoerce.invoke(PogoMetaMethodSite.java:272)
	at org.codehaus.groovy.runtime.callsite.PogoMetaMethodSite.call(PogoMetaMethodSite.java:64)
	at org.codehaus.groovy.runtime.callsite.AbstractCallSite.call(AbstractCallSite.java:112)
	at org.codehaus.gant.GantBinding.withTargetEvent(GantBinding.groovy:90)
	at org.codehaus.gant.GantBinding.this$4$withTargetEvent(GantBinding.groovy)
	at sun.reflect.NativeMethodAccessorImpl.invoke0(Native Method)
	at sun.reflect.NativeMethodAccessorImpl.invoke(NativeMethodAccessorImpl.java:62)
	at sun.reflect.DelegatingMethodAccessorImpl.invoke(DelegatingMethodAccessorImpl.java:43)
	at java.lang.reflect.Method.invoke(Method.java:497)
	at org.codehaus.groovy.reflection.CachedMethod.invoke(CachedMethod.java:90)
	at groovy.lang.MetaMethod.doMethodInvoke(MetaMethod.java:233)
	at groovy.lang.MetaClassImpl.invokeMethod(MetaClassImpl.java:1086)
	at groovy.lang.ExpandoMetaClass.invokeMethod(ExpandoMetaClass.java:1110)
	at groovy.lang.MetaClassImpl.invokeMethod(MetaClassImpl.java:910)
	at groovy.lang.MetaClassImpl.invokeMethod(MetaClassImpl.java:1031)
	at groovy.lang.ExpandoMetaClass.invokeMethod(ExpandoMetaClass.java:1110)
	at groovy.lang.MetaClassImpl.invokeMethod(MetaClassImpl.java:910)
	at groovy.lang.MetaClassImpl.invokeMethod(MetaClassImpl.java:731)
	at groovy.lang.GroovyObjectSupport.invokeMethod(GroovyObjectSupport.java:44)
	at groovy.lang.MetaClassImpl.invokeMethodOnGroovyObject(MetaClassImpl.java:1151)
	at groovy.lang.MetaClassImpl.invokeMethod(MetaClassImpl.java:1045)
	at groovy.lang.ExpandoMetaClass.invokeMethod(ExpandoMetaClass.java:1110)
	at groovy.lang.MetaClassImpl.invokeMethod(MetaClassImpl.java:910)
	at org.codehaus.groovy.runtime.callsite.PogoMetaClassSite.callCurrent(PogoMetaClassSite.java:66)
	at org.codehaus.groovy.runtime.callsite.AbstractCallSite.callCurrent(AbstractCallSite.java:149)
	at org.codehaus.gant.GantBinding$_initializeGantBinding_closure5_closure16.doCall(GantBinding.groovy:185)
	at sun.reflect.NativeMethodAccessorImpl.invoke0(Native Method)
	at sun.reflect.NativeMethodAccessorImpl.invoke(NativeMethodAccessorImpl.java:62)
	at sun.reflect.DelegatingMethodAccessorImpl.invoke(DelegatingMethodAccessorImpl.java:43)
	at java.lang.reflect.Method.invoke(Method.java:497)
	at org.codehaus.groovy.runtime.callsite.PogoMetaMethodSite$PogoCachedMethodSite.invoke(PogoMetaMethodSite.java:231)
	at org.codehaus.groovy.runtime.callsite.PogoMetaMethodSite.callCurrent(PogoMetaMethodSite.java:52)
	at org.codehaus.groovy.runtime.callsite.AbstractCallSite.callCurrent(AbstractCallSite.java:141)
	at org.codehaus.gant.GantBinding$_initializeGantBinding_closure5_closure16.doCall(GantBinding.groovy)
	at sun.reflect.NativeMethodAccessorImpl.invoke0(Native Method)
	at sun.reflect.NativeMethodAccessorImpl.invoke(NativeMethodAccessorImpl.java:62)
	at sun.reflect.DelegatingMethodAccessorImpl.invoke(DelegatingMethodAccessorImpl.java:43)
	at java.lang.reflect.Method.invoke(Method.java:497)
	at org.codehaus.groovy.reflection.CachedMethod.invoke(CachedMethod.java:90)
	at groovy.lang.MetaMethod.doMethodInvoke(MetaMethod.java:233)
	at groovy.lang.MetaClassImpl.invokeMethod(MetaClassImpl.java:1086)
	at groovy.lang.ExpandoMetaClass.invokeMethod(ExpandoMetaClass.java:1110)
	at groovy.lang.MetaClassImpl.invokeMethod(MetaClassImpl.java:910)
	at groovy.lang.MetaClassImpl.invokePropertyOrMissing(MetaClassImpl.java:1132)
	at groovy.lang.MetaClassImpl.invokeMethod(MetaClassImpl.java:1088)
	at groovy.lang.ExpandoMetaClass.invokeMethod(ExpandoMetaClass.java:1110)
	at groovy.lang.MetaClassImpl.invokeMethod(MetaClassImpl.java:910)
	at groovy.lang.MetaClassImpl.invokeMethod(MetaClassImpl.java:731)
	at groovy.lang.GroovyObjectSupport.invokeMethod(GroovyObjectSupport.java:44)
	at groovy.lang.Script.invokeMethod(Script.java:78)
	at groovy.lang.MetaClassImpl.invokeMethodOnGroovyObject(MetaClassImpl.java:1151)
	at groovy.lang.MetaClassImpl.invokeMethod(MetaClassImpl.java:1045)
	at groovy.lang.ExpandoMetaClass.invokeMethod(ExpandoMetaClass.java:1110)
	at groovy.lang.MetaClassImpl.invokeMethod(MetaClassImpl.java:910)
	at groovy.lang.DelegatingMetaClass.invokeMethod(DelegatingMetaClass.java:149)
	at org.codehaus.gant.GantMetaClass.invokeMethod(GantMetaClass.java:133)
	at org.codehaus.groovy.runtime.callsite.PogoMetaClassSite.callCurrent(PogoMetaClassSite.java:66)
	at org.codehaus.groovy.runtime.callsite.CallSiteArray.defaultCallCurrent(CallSiteArray.java:49)
	at org.codehaus.groovy.runtime.callsite.AbstractCallSite.callCurrent(AbstractCallSite.java:133)
	at org.codehaus.groovy.runtime.callsite.AbstractCallSite.callCurrent(AbstractCallSite.java:137)
	at GenerateViews$_run_closure1.doCall(GenerateViews:40)
	at sun.reflect.NativeMethodAccessorImpl.invoke0(Native Method)
	at sun.reflect.NativeMethodAccessorImpl.invoke(NativeMethodAccessorImpl.java:62)
	at sun.reflect.DelegatingMethodAccessorImpl.invoke(DelegatingMethodAccessorImpl.java:43)
	at java.lang.reflect.Method.invoke(Method.java:497)
	at org.codehaus.groovy.reflection.CachedMethod.invoke(CachedMethod.java:90)
	at groovy.lang.MetaMethod.doMethodInvoke(MetaMethod.java:233)
	at groovy.lang.MetaClassImpl.invokeMethod(MetaClassImpl.java:1086)
	at groovy.lang.ExpandoMetaClass.invokeMethod(ExpandoMetaClass.java:1110)
	at groovy.lang.MetaClassImpl.invokeMethod(MetaClassImpl.java:910)
	at groovy.lang.DelegatingMetaClass.invokeMethod(DelegatingMetaClass.java:149)
	at org.codehaus.gant.GantMetaClass.invokeMethod(GantMetaClass.java:133)
	at org.codehaus.groovy.runtime.callsite.PogoMetaClassSite.call(PogoMetaClassSite.java:39)
	at org.codehaus.groovy.runtime.callsite.CallSiteArray.defaultCall(CallSiteArray.java:45)
	at org.codehaus.groovy.runtime.callsite.PogoMetaClassSite.call(PogoMetaClassSite.java:54)
	at org.codehaus.groovy.runtime.callsite.AbstractCallSite.call(AbstractCallSite.java:116)
	at org.codehaus.gant.GantBinding$_initializeGantBinding_closure5_closure16_closure18.doCall(GantBinding.groovy:185)
	at sun.reflect.NativeMethodAccessorImpl.invoke0(Native Method)
	at sun.reflect.NativeMethodAccessorImpl.invoke(NativeMethodAccessorImpl.java:62)
	at sun.reflect.DelegatingMethodAccessorImpl.invoke(DelegatingMethodAccessorImpl.java:43)
	at java.lang.reflect.Method.invoke(Method.java:497)
	at org.codehaus.groovy.runtime.callsite.PogoMetaMethodSite$PogoCachedMethodSite.invoke(PogoMetaMethodSite.java:231)
	at org.codehaus.groovy.runtime.callsite.PogoMetaMethodSite.callCurrent(PogoMetaMethodSite.java:52)
	at org.codehaus.groovy.runtime.callsite.AbstractCallSite.callCurrent(AbstractCallSite.java:141)
	at org.codehaus.gant.GantBinding$_initializeGantBinding_closure5_closure16_closure18.doCall(GantBinding.groovy)
	at sun.reflect.NativeMethodAccessorImpl.invoke0(Native Method)
	at sun.reflect.NativeMethodAccessorImpl.invoke(NativeMethodAccessorImpl.java:62)
	at sun.reflect.DelegatingMethodAccessorImpl.invoke(DelegatingMethodAccessorImpl.java:43)
	at java.lang.reflect.Method.invoke(Method.java:497)
	at org.codehaus.groovy.runtime.callsite.PogoMetaMethodSite$PogoCachedMethodSiteNoUnwrapNoCoerce.invoke(PogoMetaMethodSite.java:272)
	at org.codehaus.groovy.runtime.callsite.PogoMetaMethodSite.call(PogoMetaMethodSite.java:64)
	at org.codehaus.groovy.runtime.callsite.AbstractCallSite.call(AbstractCallSite.java:112)
	at org.codehaus.gant.GantBinding.withTargetEvent(GantBinding.groovy:90)
	at org.codehaus.gant.GantBinding.this$4$withTargetEvent(GantBinding.groovy)
	at sun.reflect.NativeMethodAccessorImpl.invoke0(Native Method)
	at sun.reflect.NativeMethodAccessorImpl.invoke(NativeMethodAccessorImpl.java:62)
	at sun.reflect.DelegatingMethodAccessorImpl.invoke(DelegatingMethodAccessorImpl.java:43)
	at java.lang.reflect.Method.invoke(Method.java:497)
	at org.codehaus.groovy.reflection.CachedMethod.invoke(CachedMethod.java:90)
	at groovy.lang.MetaMethod.doMethodInvoke(MetaMethod.java:233)
	at groovy.lang.MetaClassImpl.invokeMethod(MetaClassImpl.java:1086)
	at groovy.lang.ExpandoMetaClass.invokeMethod(ExpandoMetaClass.java:1110)
	at groovy.lang.MetaClassImpl.invokeMethod(MetaClassImpl.java:910)
	at groovy.lang.MetaClassImpl.invokeMethod(MetaClassImpl.java:1031)
	at groovy.lang.ExpandoMetaClass.invokeMethod(ExpandoMetaClass.java:1110)
	at groovy.lang.MetaClassImpl.invokeMethod(MetaClassImpl.java:910)
	at groovy.lang.MetaClassImpl.invokeMethod(MetaClassImpl.java:731)
	at groovy.lang.GroovyObjectSupport.invokeMethod(GroovyObjectSupport.java:44)
	at groovy.lang.MetaClassImpl.invokeMethodOnGroovyObject(MetaClassImpl.java:1151)
	at groovy.lang.MetaClassImpl.invokeMethod(MetaClassImpl.java:1045)
	at groovy.lang.ExpandoMetaClass.invokeMethod(ExpandoMetaClass.java:1110)
	at groovy.lang.MetaClassImpl.invokeMethod(MetaClassImpl.java:910)
	at org.codehaus.groovy.runtime.callsite.PogoMetaClassSite.callCurrent(PogoMetaClassSite.java:66)
	at org.codehaus.groovy.runtime.callsite.AbstractCallSite.callCurrent(AbstractCallSite.java:149)
	at org.codehaus.gant.GantBinding$_initializeGantBinding_closure5_closure16.doCall(GantBinding.groovy:185)
	at sun.reflect.NativeMethodAccessorImpl.invoke0(Native Method)
	at sun.reflect.NativeMethodAccessorImpl.invoke(NativeMethodAccessorImpl.java:62)
	at sun.reflect.DelegatingMethodAccessorImpl.invoke(DelegatingMethodAccessorImpl.java:43)
	at java.lang.reflect.Method.invoke(Method.java:497)
	at org.codehaus.groovy.runtime.callsite.PogoMetaMethodSite$PogoCachedMethodSite.invoke(PogoMetaMethodSite.java:231)
	at org.codehaus.groovy.runtime.callsite.PogoMetaMethodSite.callCurrent(PogoMetaMethodSite.java:52)
	at org.codehaus.groovy.runtime.callsite.AbstractCallSite.callCurrent(AbstractCallSite.java:141)
	at org.codehaus.gant.GantBinding$_initializeGantBinding_closure5_closure16.doCall(GantBinding.groovy)
	at sun.reflect.NativeMethodAccessorImpl.invoke0(Native Method)
	at sun.reflect.NativeMethodAccessorImpl.invoke(NativeMethodAccessorImpl.java:62)
	at sun.reflect.DelegatingMethodAccessorImpl.invoke(DelegatingMethodAccessorImpl.java:43)
	at java.lang.reflect.Method.invoke(Method.java:497)
	at org.codehaus.groovy.runtime.callsite.PogoMetaMethodSite$PogoCachedMethodSiteNoUnwrapNoCoerce.invoke(PogoMetaMethodSite.java:272)
	at org.codehaus.groovy.runtime.callsite.PogoMetaMethodSite.call(PogoMetaMethodSite.java:64)
	at org.codehaus.groovy.runtime.callsite.CallSiteArray.defaultCall(CallSiteArray.java:45)
	at org.codehaus.groovy.runtime.callsite.AbstractCallSite.call(AbstractCallSite.java:108)
	at org.codehaus.groovy.runtime.callsite.AbstractCallSite.call(AbstractCallSite.java:112)
	at gant.Gant$_dispatch_closure5.doCall(Gant.groovy:381)
	at sun.reflect.NativeMethodAccessorImpl.invoke0(Native Method)
	at sun.reflect.NativeMethodAccessorImpl.invoke(NativeMethodAccessorImpl.java:62)
	at sun.reflect.DelegatingMethodAccessorImpl.invoke(DelegatingMethodAccessorImpl.java:43)
	at java.lang.reflect.Method.invoke(Method.java:497)
	at org.codehaus.groovy.runtime.callsite.PogoMetaMethodSite$PogoCachedMethodSiteNoUnwrapNoCoerce.invoke(PogoMetaMethodSite.java:272)
	at org.codehaus.groovy.runtime.callsite.PogoMetaMethodSite.call(PogoMetaMethodSite.java:64)
	at org.codehaus.groovy.runtime.callsite.CallSiteArray.defaultCall(CallSiteArray.java:45)
	at org.codehaus.groovy.runtime.callsite.AbstractCallSite.call(AbstractCallSite.java:108)
	at org.codehaus.groovy.runtime.callsite.AbstractCallSite.call(AbstractCallSite.java:116)
	at gant.Gant$_dispatch_closure7.doCall(Gant.groovy:415)
	at sun.reflect.NativeMethodAccessorImpl.invoke0(Native Method)
	at sun.reflect.NativeMethodAccessorImpl.invoke(NativeMethodAccessorImpl.java:62)
	at sun.reflect.DelegatingMethodAccessorImpl.invoke(DelegatingMethodAccessorImpl.java:43)
	at java.lang.reflect.Method.invoke(Method.java:497)
	at org.codehaus.groovy.runtime.callsite.PogoMetaMethodSite$PogoCachedMethodSite.invoke(PogoMetaMethodSite.java:231)
	at org.codehaus.groovy.runtime.callsite.PogoMetaMethodSite.callCurrent(PogoMetaMethodSite.java:52)
	at org.codehaus.groovy.runtime.callsite.CallSiteArray.defaultCallCurrent(CallSiteArray.java:49)
	at org.codehaus.groovy.runtime.callsite.AbstractCallSite.callCurrent(AbstractCallSite.java:133)
	at org.codehaus.groovy.runtime.callsite.AbstractCallSite.callCurrent(AbstractCallSite.java:141)
	at gant.Gant$_dispatch_closure7.doCall(Gant.groovy)
	at sun.reflect.NativeMethodAccessorImpl.invoke0(Native Method)
	at sun.reflect.NativeMethodAccessorImpl.invoke(NativeMethodAccessorImpl.java:62)
	at sun.reflect.DelegatingMethodAccessorImpl.invoke(DelegatingMethodAccessorImpl.java:43)
	at java.lang.reflect.Method.invoke(Method.java:497)
	at org.codehaus.groovy.runtime.callsite.PogoMetaMethodSite$PogoCachedMethodSiteNoUnwrapNoCoerce.invoke(PogoMetaMethodSite.java:272)
	at org.codehaus.groovy.runtime.callsite.PogoMetaMethodSite.call(PogoMetaMethodSite.java:64)
	at org.codehaus.groovy.runtime.callsite.CallSiteArray.defaultCall(CallSiteArray.java:45)
	at org.codehaus.groovy.runtime.callsite.AbstractCallSite.call(AbstractCallSite.java:108)
	at org.codehaus.groovy.runtime.callsite.AbstractCallSite.call(AbstractCallSite.java:112)
	at gant.Gant.withBuildListeners(Gant.groovy:427)
	at gant.Gant.this$2$withBuildListeners(Gant.groovy)
	at gant.Gant$this$2$withBuildListeners$0.callCurrent(Unknown Source)
	at org.codehaus.groovy.runtime.callsite.CallSiteArray.defaultCallCurrent(CallSiteArray.java:49)
	at org.codehaus.groovy.runtime.callsite.AbstractCallSite.callCurrent(AbstractCallSite.java:133)
	at org.codehaus.groovy.runtime.callsite.AbstractCallSite.callCurrent(AbstractCallSite.java:141)
	at gant.Gant.dispatch(Gant.groovy:415)
	at gant.Gant.this$2$dispatch(Gant.groovy)
	at sun.reflect.NativeMethodAccessorImpl.invoke0(Native Method)
	at sun.reflect.NativeMethodAccessorImpl.invoke(NativeMethodAccessorImpl.java:62)
	at sun.reflect.DelegatingMethodAccessorImpl.invoke(DelegatingMethodAccessorImpl.java:43)
	at java.lang.reflect.Method.invoke(Method.java:497)
	at org.codehaus.groovy.reflection.CachedMethod.invoke(CachedMethod.java:90)
	at groovy.lang.MetaMethod.doMethodInvoke(MetaMethod.java:233)
	at groovy.lang.MetaClassImpl.invokeMethod(MetaClassImpl.java:1086)
	at groovy.lang.ExpandoMetaClass.invokeMethod(ExpandoMetaClass.java:1110)
	at groovy.lang.MetaClassImpl.invokeMethod(MetaClassImpl.java:910)
	at groovy.lang.MetaClassImpl.invokeMethod(MetaClassImpl.java:733)
	at gant.Gant.invokeMethod(Gant.groovy)
	at groovy.lang.GroovyObject$invokeMethod.callCurrent(Unknown Source)
	at org.codehaus.groovy.runtime.callsite.CallSiteArray.defaultCallCurrent(CallSiteArray.java:49)
	at org.codehaus.groovy.runtime.callsite.AbstractCallSite.callCurrent(AbstractCallSite.java:133)
	at org.codehaus.groovy.runtime.callsite.AbstractCallSite.callCurrent(AbstractCallSite.java:145)
	at gant.Gant.executeTargets(Gant.groovy:591)
	at sun.reflect.NativeMethodAccessorImpl.invoke0(Native Method)
	at sun.reflect.NativeMethodAccessorImpl.invoke(NativeMethodAccessorImpl.java:62)
	at sun.reflect.DelegatingMethodAccessorImpl.invoke(DelegatingMethodAccessorImpl.java:43)
	at java.lang.reflect.Method.invoke(Method.java:497)
	at org.codehaus.groovy.runtime.callsite.PogoMetaMethodSite$PogoCachedMethodSite.invoke(PogoMetaMethodSite.java:231)
	at org.codehaus.groovy.runtime.callsite.PogoMetaMethodSite.callCurrent(PogoMetaMethodSite.java:52)
	at org.codehaus.groovy.runtime.callsite.CallSiteArray.defaultCallCurrent(CallSiteArray.java:49)
	at org.codehaus.groovy.runtime.callsite.AbstractCallSite.callCurrent(AbstractCallSite.java:133)
	at org.codehaus.groovy.runtime.callsite.AbstractCallSite.callCurrent(AbstractCallSite.java:145)
	at gant.Gant.executeTargets(Gant.groovy:590)
	at org.codehaus.groovy.grails.cli.GrailsScriptRunner.executeWithGantInstance(GrailsScriptRunner.java:774)
	at org.codehaus.groovy.grails.cli.GrailsScriptRunner.executeScriptFile(GrailsScriptRunner.java:572)
	at org.codehaus.groovy.grails.cli.GrailsScriptRunner.executeScriptWithCaching(GrailsScriptRunner.java:471)
	at org.codehaus.groovy.grails.cli.GrailsScriptRunner.callPluginOrGrailsScript(GrailsScriptRunner.java:415)
	at org.codehaus.groovy.grails.cli.GrailsScriptRunner.executeCommand(GrailsScriptRunner.java:379)
	at org.codehaus.groovy.grails.cli.GrailsScriptRunner.main(GrailsScriptRunner.java:226)
	at sun.reflect.NativeMethodAccessorImpl.invoke0(Native Method)
	at sun.reflect.NativeMethodAccessorImpl.invoke(NativeMethodAccessorImpl.java:62)
	at sun.reflect.DelegatingMethodAccessorImpl.invoke(DelegatingMethodAccessorImpl.java:43)
	at java.lang.reflect.Method.invoke(Method.java:497)
	at org.codehaus.groovy.grails.cli.support.GrailsStarter.rootLoader(GrailsStarter.java:236)
	at org.codehaus.groovy.grails.cli.support.GrailsStarter.main(GrailsStarter.java:264)
2015-09-17 22:57:49,368 [main] ERROR StackTrace  - Full Stack Trace:
java.lang.IllegalArgumentException: Parameter for constraint [min] of property [costEstimated] of class [class softwareestimation.Task] must be the same type as property: [double]
	at softwareestimation.Task$__clinit__closure1.doCall(Task.groovy:19)
	at SimpleTemplateScript2$_run_closure1.doCall(SimpleTemplateScript2.groovy:28)
	at SimpleTemplateScript2.run(SimpleTemplateScript2.groovy:28)
	at _GrailsGenerate_groovy.generateForDomainClass(_GrailsGenerate_groovy:86)
	at _GrailsGenerate_groovy$_run_closure1.doCall(_GrailsGenerate_groovy:54)
	at GenerateViews$_run_closure1.doCall(GenerateViews:40)
2015-09-17 22:57:49,369 [main] ERROR StackTrace  - Full Stack Trace:
java.lang.IllegalArgumentException: Parameter for constraint [min] of property [costEstimated] of class [class softwareestimation.Task] must be the same type as property: [double]
	at softwareestimation.Task$__clinit__closure1.doCall(Task.groovy:19)
	at SimpleTemplateScript2$_run_closure1.doCall(SimpleTemplateScript2.groovy:28)
	at SimpleTemplateScript2.run(SimpleTemplateScript2.groovy:28)
	at _GrailsGenerate_groovy.generateForDomainClass(_GrailsGenerate_groovy:86)
	at _GrailsGenerate_groovy$_run_closure1.doCall(_GrailsGenerate_groovy:54)
	at GenerateViews$_run_closure1.doCall(GenerateViews:40)
2015-09-17 22:57:49,369 [main] ERROR StackTrace  - Full Stack Trace:
java.lang.IllegalArgumentException: Parameter for constraint [min] of property [costEstimated] of class [class softwareestimation.Task] must be the same type as property: [double]
	at softwareestimation.Task$__clinit__closure1.doCall(Task.groovy:19)
	at SimpleTemplateScript2$_run_closure1.doCall(SimpleTemplateScript2.groovy:28)
	at SimpleTemplateScript2.run(SimpleTemplateScript2.groovy:28)
	at _GrailsGenerate_groovy.generateForDomainClass(_GrailsGenerate_groovy:86)
	at _GrailsGenerate_groovy$_run_closure1.doCall(_GrailsGenerate_groovy:54)
	at GenerateViews$_run_closure1.doCall(GenerateViews:40)
2015-09-17 23:18:14,238 [Thread-11] ERROR StackTrace  - Full Stack Trace:
java.lang.NullPointerException: Cannot get property 'cacheOperationSource' on null object
	at org.codehaus.groovy.runtime.NullObject.getProperty(NullObject.java:56)
	at org.codehaus.groovy.runtime.InvokerHelper.getProperty(InvokerHelper.java:169)
	at org.codehaus.groovy.runtime.callsite.NullCallSite.getProperty(NullCallSite.java:44)
	at org.codehaus.groovy.runtime.callsite.AbstractCallSite.callGetProperty(AbstractCallSite.java:227)
	at CacheGrailsPlugin$_closure4.doCall(CacheGrailsPlugin.groovy:184)
	at sun.reflect.NativeMethodAccessorImpl.invoke0(Native Method)
	at sun.reflect.NativeMethodAccessorImpl.invoke(NativeMethodAccessorImpl.java:62)
	at sun.reflect.DelegatingMethodAccessorImpl.invoke(DelegatingMethodAccessorImpl.java:43)
	at java.lang.reflect.Method.invoke(Method.java:483)
	at org.springsource.loaded.ri.ReflectiveInterceptor.jlrMethodInvoke(ReflectiveInterceptor.java:1270)
	at org.codehaus.groovy.reflection.CachedMethod.invoke(CachedMethod.java:90)
	at groovy.lang.MetaMethod.doMethodInvoke(MetaMethod.java:233)
	at groovy.lang.MetaClassImpl.invokeMethod(MetaClassImpl.java:1086)
	at groovy.lang.ExpandoMetaClass.invokeMethod(ExpandoMetaClass.java:1110)
	at groovy.lang.MetaClassImpl.invokeMethod(MetaClassImpl.java:910)
	at groovy.lang.Closure.call(Closure.java:411)
	at CacheGrailsPlugin$_closure4.call(CacheGrailsPlugin.groovy)
	at org.codehaus.groovy.grails.plugins.DefaultGrailsPlugin.invokeOnChangeListener(DefaultGrailsPlugin.java:767)
	at org.codehaus.groovy.grails.plugins.DefaultGrailsPlugin.notifyOfEvent(DefaultGrailsPlugin.java:716)
	at org.codehaus.groovy.grails.plugins.DefaultGrailsPluginManager.informObservers(DefaultGrailsPluginManager.java:243)
	at org.codehaus.groovy.grails.plugins.DefaultGrailsPlugin.notifyOfEvent(DefaultGrailsPlugin.java:732)
	at org.codehaus.groovy.grails.plugins.AbstractGrailsPluginManager.informOfClassChange(AbstractGrailsPluginManager.java:409)
	at org.codehaus.groovy.grails.plugins.AbstractGrailsPluginManager.informOfFileChange(AbstractGrailsPluginManager.java:367)
	at org.codehaus.groovy.grails.compiler.GrailsProjectWatcher.informPluginManager(GrailsProjectWatcher.java:243)
	at org.codehaus.groovy.grails.compiler.GrailsProjectWatcher.access$400(GrailsProjectWatcher.java:46)
	at org.codehaus.groovy.grails.compiler.GrailsProjectWatcher$1.onNew(GrailsProjectWatcher.java:169)
	at org.codehaus.groovy.grails.compiler.DirectoryWatcher.cacheFilesForDirectory(DirectoryWatcher.java:210)
	at org.codehaus.groovy.grails.compiler.DirectoryWatcher.checkForNewFiles(DirectoryWatcher.java:187)
	at org.codehaus.groovy.grails.compiler.DirectoryWatcher.run(DirectoryWatcher.java:163)
	at org.codehaus.groovy.grails.compiler.GrailsProjectWatcher.run(GrailsProjectWatcher.java:178)
2015-09-17 23:18:14,257 [Thread-11] ERROR StackTrace  - Full Stack Trace:
java.lang.NullPointerException: Cannot get property 'cacheOperationSource' on null object
	at CacheGrailsPlugin$_closure4.doCall(CacheGrailsPlugin.groovy:184)
2015-09-17 23:18:14,258 [Thread-11] ERROR StackTrace  - Full Stack Trace:
java.lang.NullPointerException: Cannot get property 'cacheOperationSource' on null object
	at CacheGrailsPlugin$_closure4.doCall(CacheGrailsPlugin.groovy:184)
2015-09-17 23:18:14,258 [Thread-11] ERROR StackTrace  - Full Stack Trace:
java.lang.NullPointerException: Cannot get property 'cacheOperationSource' on null object
	at CacheGrailsPlugin$_closure4.doCall(CacheGrailsPlugin.groovy:184)
2015-09-17 23:19:00,463 [FileSystemWatcher: files=#85 cl=java.net.URLClassLoader@68217d41] ERROR StackTrace  - Full Stack Trace:
java.lang.NullPointerException: Cannot get property 'cacheOperationSource' on null object
	at org.codehaus.groovy.runtime.NullObject.getProperty(NullObject.java:56)
	at org.codehaus.groovy.runtime.InvokerHelper.getProperty(InvokerHelper.java:169)
	at org.codehaus.groovy.runtime.callsite.NullCallSite.getProperty(NullCallSite.java:44)
	at org.codehaus.groovy.runtime.callsite.AbstractCallSite.callGetProperty(AbstractCallSite.java:227)
	at CacheGrailsPlugin$_closure4.doCall(CacheGrailsPlugin.groovy:184)
	at sun.reflect.NativeMethodAccessorImpl.invoke0(Native Method)
	at sun.reflect.NativeMethodAccessorImpl.invoke(NativeMethodAccessorImpl.java:62)
	at sun.reflect.DelegatingMethodAccessorImpl.invoke(DelegatingMethodAccessorImpl.java:43)
	at java.lang.reflect.Method.invoke(Method.java:483)
	at org.springsource.loaded.ri.OriginalClassInvoker.invoke(OriginalClassInvoker.java:47)
	at org.springsource.loaded.ri.ReflectiveInterceptor.jlrMethodInvoke(ReflectiveInterceptor.java:1299)
	at org.codehaus.groovy.reflection.CachedMethod.invoke(CachedMethod.java:90)
	at groovy.lang.MetaMethod.doMethodInvoke(MetaMethod.java:233)
	at groovy.lang.MetaClassImpl.invokeMethod(MetaClassImpl.java:1086)
	at groovy.lang.ExpandoMetaClass.invokeMethod(ExpandoMetaClass.java:1110)
	at groovy.lang.MetaClassImpl.invokeMethod(MetaClassImpl.java:910)
	at groovy.lang.Closure.call(Closure.java:411)
	at CacheGrailsPlugin$_closure4.call(CacheGrailsPlugin.groovy)
	at org.codehaus.groovy.grails.plugins.DefaultGrailsPlugin.invokeOnChangeListener(DefaultGrailsPlugin.java:767)
	at org.codehaus.groovy.grails.plugins.DefaultGrailsPlugin.notifyOfEvent(DefaultGrailsPlugin.java:716)
	at org.codehaus.groovy.grails.plugins.DefaultGrailsPluginManager.informObservers(DefaultGrailsPluginManager.java:243)
	at org.codehaus.groovy.grails.plugins.DefaultGrailsPlugin.notifyOfEvent(DefaultGrailsPlugin.java:732)
	at org.codehaus.groovy.grails.plugins.AbstractGrailsPluginManager.informOfClassChange(AbstractGrailsPluginManager.java:409)
	at org.codehaus.groovy.grails.compiler.GrailsProjectWatcher$2.run(GrailsProjectWatcher.java:263)
	at org.codehaus.groovy.grails.compiler.GrailsProjectWatcher.firePendingClassChangeEvents(GrailsProjectWatcher.java:124)
	at org.codehaus.groovy.grails.cli.agent.GrailsPluginManagerReloadPlugin.reloadEvent(GrailsPluginManagerReloadPlugin.java:42)
	at org.springsource.loaded.TypeRegistry.fireReloadEvent(TypeRegistry.java:1767)
	at org.springsource.loaded.ReloadableType.loadNewVersion(ReloadableType.java:405)
	at org.springsource.loaded.TypeRegistry.loadNewVersion(TypeRegistry.java:845)
	at org.springsource.loaded.agent.ReloadableFileChangeListener.fileChanged(ReloadableFileChangeListener.java:51)
	at org.springsource.loaded.agent.Watcher.determineChangesSince(FileSystemWatcher.java:235)
	at org.springsource.loaded.agent.Watcher.run(FileSystemWatcher.java:219)
	at java.lang.Thread.run(Thread.java:745)
2015-09-17 23:19:00,463 [FileSystemWatcher: files=#85 cl=java.net.URLClassLoader@68217d41] ERROR StackTrace  - Full Stack Trace:
java.lang.NullPointerException: Cannot get property 'cacheOperationSource' on null object
	at CacheGrailsPlugin$_closure4.doCall(CacheGrailsPlugin.groovy:184)
	at java.lang.Thread.run(Thread.java:745)
2015-09-17 23:19:00,464 [FileSystemWatcher: files=#85 cl=java.net.URLClassLoader@68217d41] ERROR StackTrace  - Full Stack Trace:
java.lang.NullPointerException: Cannot get property 'cacheOperationSource' on null object
	at CacheGrailsPlugin$_closure4.doCall(CacheGrailsPlugin.groovy:184)
	at java.lang.Thread.run(Thread.java:745)
2015-09-17 23:19:00,464 [FileSystemWatcher: files=#85 cl=java.net.URLClassLoader@68217d41] ERROR StackTrace  - Full Stack Trace:
java.lang.NullPointerException: Cannot get property 'cacheOperationSource' on null object
	at CacheGrailsPlugin$_closure4.doCall(CacheGrailsPlugin.groovy:184)
	at java.lang.Thread.run(Thread.java:745)
2015-09-17 23:21:14,359 [FileSystemWatcher: files=#85 cl=java.net.URLClassLoader@68217d41] ERROR StackTrace  - Full Stack Trace:
java.lang.NullPointerException: Cannot get property 'cacheOperationSource' on null object
	at org.codehaus.groovy.runtime.NullObject.getProperty(NullObject.java:56)
	at org.codehaus.groovy.runtime.InvokerHelper.getProperty(InvokerHelper.java:169)
	at org.codehaus.groovy.runtime.callsite.NullCallSite.getProperty(NullCallSite.java:44)
	at org.codehaus.groovy.runtime.callsite.AbstractCallSite.callGetProperty(AbstractCallSite.java:227)
	at CacheGrailsPlugin$_closure4.doCall(CacheGrailsPlugin.groovy:184)
	at sun.reflect.NativeMethodAccessorImpl.invoke0(Native Method)
	at sun.reflect.NativeMethodAccessorImpl.invoke(NativeMethodAccessorImpl.java:62)
	at sun.reflect.DelegatingMethodAccessorImpl.invoke(DelegatingMethodAccessorImpl.java:43)
	at java.lang.reflect.Method.invoke(Method.java:483)
	at org.springsource.loaded.ri.OriginalClassInvoker.invoke(OriginalClassInvoker.java:47)
	at org.springsource.loaded.ri.ReflectiveInterceptor.jlrMethodInvoke(ReflectiveInterceptor.java:1299)
	at org.codehaus.groovy.reflection.CachedMethod.invoke(CachedMethod.java:90)
	at groovy.lang.MetaMethod.doMethodInvoke(MetaMethod.java:233)
	at groovy.lang.MetaClassImpl.invokeMethod(MetaClassImpl.java:1086)
	at groovy.lang.ExpandoMetaClass.invokeMethod(ExpandoMetaClass.java:1110)
	at groovy.lang.MetaClassImpl.invokeMethod(MetaClassImpl.java:910)
	at groovy.lang.Closure.call(Closure.java:411)
	at CacheGrailsPlugin$_closure4.call(CacheGrailsPlugin.groovy)
	at org.codehaus.groovy.grails.plugins.DefaultGrailsPlugin.invokeOnChangeListener(DefaultGrailsPlugin.java:767)
	at org.codehaus.groovy.grails.plugins.DefaultGrailsPlugin.notifyOfEvent(DefaultGrailsPlugin.java:716)
	at org.codehaus.groovy.grails.plugins.DefaultGrailsPluginManager.informObservers(DefaultGrailsPluginManager.java:243)
	at org.codehaus.groovy.grails.plugins.DefaultGrailsPlugin.notifyOfEvent(DefaultGrailsPlugin.java:732)
	at org.codehaus.groovy.grails.plugins.AbstractGrailsPluginManager.informOfClassChange(AbstractGrailsPluginManager.java:409)
	at org.codehaus.groovy.grails.compiler.GrailsProjectWatcher$2.run(GrailsProjectWatcher.java:263)
	at org.codehaus.groovy.grails.compiler.GrailsProjectWatcher.firePendingClassChangeEvents(GrailsProjectWatcher.java:124)
	at org.codehaus.groovy.grails.cli.agent.GrailsPluginManagerReloadPlugin.reloadEvent(GrailsPluginManagerReloadPlugin.java:42)
	at org.springsource.loaded.TypeRegistry.fireReloadEvent(TypeRegistry.java:1767)
	at org.springsource.loaded.ReloadableType.loadNewVersion(ReloadableType.java:405)
	at org.springsource.loaded.TypeRegistry.loadNewVersion(TypeRegistry.java:845)
	at org.springsource.loaded.agent.ReloadableFileChangeListener.fileChanged(ReloadableFileChangeListener.java:51)
	at org.springsource.loaded.agent.Watcher.determineChangesSince(FileSystemWatcher.java:235)
	at org.springsource.loaded.agent.Watcher.run(FileSystemWatcher.java:219)
	at java.lang.Thread.run(Thread.java:745)
2015-09-17 23:21:14,360 [FileSystemWatcher: files=#85 cl=java.net.URLClassLoader@68217d41] ERROR StackTrace  - Full Stack Trace:
java.lang.NullPointerException: Cannot get property 'cacheOperationSource' on null object
	at CacheGrailsPlugin$_closure4.doCall(CacheGrailsPlugin.groovy:184)
	at java.lang.Thread.run(Thread.java:745)
2015-09-17 23:21:14,360 [FileSystemWatcher: files=#85 cl=java.net.URLClassLoader@68217d41] ERROR StackTrace  - Full Stack Trace:
java.lang.NullPointerException: Cannot get property 'cacheOperationSource' on null object
	at CacheGrailsPlugin$_closure4.doCall(CacheGrailsPlugin.groovy:184)
	at java.lang.Thread.run(Thread.java:745)
2015-09-17 23:21:14,360 [FileSystemWatcher: files=#85 cl=java.net.URLClassLoader@68217d41] ERROR StackTrace  - Full Stack Trace:
java.lang.NullPointerException: Cannot get property 'cacheOperationSource' on null object
	at CacheGrailsPlugin$_closure4.doCall(CacheGrailsPlugin.groovy:184)
	at java.lang.Thread.run(Thread.java:745)
2015-09-17 23:23:15,124 [FileSystemWatcher: files=#85 cl=java.net.URLClassLoader@68217d41] ERROR StackTrace  - Full Stack Trace:
java.lang.NullPointerException: Cannot get property 'cacheOperationSource' on null object
	at org.codehaus.groovy.runtime.NullObject.getProperty(NullObject.java:56)
	at org.codehaus.groovy.runtime.InvokerHelper.getProperty(InvokerHelper.java:169)
	at org.codehaus.groovy.runtime.callsite.NullCallSite.getProperty(NullCallSite.java:44)
	at org.codehaus.groovy.runtime.callsite.AbstractCallSite.callGetProperty(AbstractCallSite.java:227)
	at CacheGrailsPlugin$_closure4.doCall(CacheGrailsPlugin.groovy:184)
	at sun.reflect.NativeMethodAccessorImpl.invoke0(Native Method)
	at sun.reflect.NativeMethodAccessorImpl.invoke(NativeMethodAccessorImpl.java:62)
	at sun.reflect.DelegatingMethodAccessorImpl.invoke(DelegatingMethodAccessorImpl.java:43)
	at java.lang.reflect.Method.invoke(Method.java:483)
	at org.springsource.loaded.ri.OriginalClassInvoker.invoke(OriginalClassInvoker.java:47)
	at org.springsource.loaded.ri.ReflectiveInterceptor.jlrMethodInvoke(ReflectiveInterceptor.java:1299)
	at org.codehaus.groovy.reflection.CachedMethod.invoke(CachedMethod.java:90)
	at groovy.lang.MetaMethod.doMethodInvoke(MetaMethod.java:233)
	at groovy.lang.MetaClassImpl.invokeMethod(MetaClassImpl.java:1086)
	at groovy.lang.ExpandoMetaClass.invokeMethod(ExpandoMetaClass.java:1110)
	at groovy.lang.MetaClassImpl.invokeMethod(MetaClassImpl.java:910)
	at groovy.lang.Closure.call(Closure.java:411)
	at CacheGrailsPlugin$_closure4.call(CacheGrailsPlugin.groovy)
	at org.codehaus.groovy.grails.plugins.DefaultGrailsPlugin.invokeOnChangeListener(DefaultGrailsPlugin.java:767)
	at org.codehaus.groovy.grails.plugins.DefaultGrailsPlugin.notifyOfEvent(DefaultGrailsPlugin.java:716)
	at org.codehaus.groovy.grails.plugins.DefaultGrailsPluginManager.informObservers(DefaultGrailsPluginManager.java:243)
	at org.codehaus.groovy.grails.plugins.DefaultGrailsPlugin.notifyOfEvent(DefaultGrailsPlugin.java:732)
	at org.codehaus.groovy.grails.plugins.AbstractGrailsPluginManager.informOfClassChange(AbstractGrailsPluginManager.java:409)
	at org.codehaus.groovy.grails.compiler.GrailsProjectWatcher$2.run(GrailsProjectWatcher.java:263)
	at org.codehaus.groovy.grails.compiler.GrailsProjectWatcher.firePendingClassChangeEvents(GrailsProjectWatcher.java:124)
	at org.codehaus.groovy.grails.cli.agent.GrailsPluginManagerReloadPlugin.reloadEvent(GrailsPluginManagerReloadPlugin.java:42)
	at org.springsource.loaded.TypeRegistry.fireReloadEvent(TypeRegistry.java:1767)
	at org.springsource.loaded.ReloadableType.loadNewVersion(ReloadableType.java:405)
	at org.springsource.loaded.TypeRegistry.loadNewVersion(TypeRegistry.java:845)
	at org.springsource.loaded.agent.ReloadableFileChangeListener.fileChanged(ReloadableFileChangeListener.java:51)
	at org.springsource.loaded.agent.Watcher.determineChangesSince(FileSystemWatcher.java:235)
	at org.springsource.loaded.agent.Watcher.run(FileSystemWatcher.java:219)
	at java.lang.Thread.run(Thread.java:745)
2015-09-17 23:23:15,125 [FileSystemWatcher: files=#85 cl=java.net.URLClassLoader@68217d41] ERROR StackTrace  - Full Stack Trace:
java.lang.NullPointerException: Cannot get property 'cacheOperationSource' on null object
	at CacheGrailsPlugin$_closure4.doCall(CacheGrailsPlugin.groovy:184)
	at java.lang.Thread.run(Thread.java:745)
2015-09-17 23:23:15,125 [FileSystemWatcher: files=#85 cl=java.net.URLClassLoader@68217d41] ERROR StackTrace  - Full Stack Trace:
java.lang.NullPointerException: Cannot get property 'cacheOperationSource' on null object
	at CacheGrailsPlugin$_closure4.doCall(CacheGrailsPlugin.groovy:184)
	at java.lang.Thread.run(Thread.java:745)
2015-09-17 23:23:15,125 [FileSystemWatcher: files=#85 cl=java.net.URLClassLoader@68217d41] ERROR StackTrace  - Full Stack Trace:
java.lang.NullPointerException: Cannot get property 'cacheOperationSource' on null object
	at CacheGrailsPlugin$_closure4.doCall(CacheGrailsPlugin.groovy:184)
	at java.lang.Thread.run(Thread.java:745)
2015-09-20 15:30:29,364 [FileSystemWatcher: files=#218 cl=groovy.lang.GroovyClassLoader@1951f28d] ERROR StackTrace  - Full Stack Trace:
java.lang.IllegalArgumentException: object is not an instance of declaring class
	at sun.reflect.NativeMethodAccessorImpl.invoke0(Native Method)
	at sun.reflect.NativeMethodAccessorImpl.invoke(NativeMethodAccessorImpl.java:62)
	at sun.reflect.DelegatingMethodAccessorImpl.invoke(DelegatingMethodAccessorImpl.java:43)
	at java.lang.reflect.Method.invoke(Method.java:483)
	at org.springsource.loaded.ri.ReflectiveInterceptor.jlrMethodInvoke(ReflectiveInterceptor.java:1294)
	at org.codehaus.groovy.reflection.CachedMethod.invoke(CachedMethod.java:90)
	at groovy.lang.MetaBeanProperty.getProperty(MetaBeanProperty.java:57)
	at groovy.lang.MetaClassImpl.invokePropertyOrMissing(MetaClassImpl.java:1116)
	at groovy.lang.MetaClassImpl.invokeMethod(MetaClassImpl.java:1088)
	at groovy.lang.ExpandoMetaClass.invokeMethod(ExpandoMetaClass.java:1110)
	at groovy.lang.MetaClassImpl.invokeMethod(MetaClassImpl.java:910)
	at groovy.lang.MetaClassImpl.invokeMethod(MetaClassImpl.java:731)
	at org.codehaus.groovy.grails.validation.ConstrainedPropertyBuilder.doInvokeMethod(ConstrainedPropertyBuilder.java:71)
	at groovy.util.BuilderSupport.invokeMethod(BuilderSupport.java:64)
	at groovy.lang.MetaClassImpl.invokeMethodOnGroovyObject(MetaClassImpl.java:1151)
	at groovy.lang.MetaClassImpl.invokeMethod(MetaClassImpl.java:983)
	at groovy.lang.ExpandoMetaClass.invokeMethod(ExpandoMetaClass.java:1110)
	at groovy.lang.MetaClassImpl.invokeMethod(MetaClassImpl.java:910)
	at org.codehaus.groovy.runtime.callsite.PogoMetaClassSite.callCurrent(PogoMetaClassSite.java:66)
	at org.codehaus.groovy.runtime.callsite.CallSiteArray.defaultCallCurrent(CallSiteArray.java:49)
	at org.codehaus.groovy.runtime.callsite.AbstractCallSite.callCurrent(AbstractCallSite.java:133)
	at org.codehaus.groovy.runtime.callsite.AbstractCallSite.callCurrent(AbstractCallSite.java:145)
	at softwareestimation.User$__clinit__closure1$$EPOrKABE.doCall(User.groovy:12)
	at softwareestimation.User$__clinit__closure1$$DPOrKABE.doCall(Unknown Source)
	at softwareestimation.User$__clinit__closure1.doCall(User.groovy)
	at softwareestimation.User$__clinit__closure1$$EPOrKABE.doCall(User.groovy)
	at sun.reflect.NativeMethodAccessorImpl.invoke0(Native Method)
	at sun.reflect.NativeMethodAccessorImpl.invoke(NativeMethodAccessorImpl.java:62)
	at sun.reflect.DelegatingMethodAccessorImpl.invoke(DelegatingMethodAccessorImpl.java:43)
	at java.lang.reflect.Method.invoke(Method.java:483)
	at org.springsource.loaded.ri.ReloadedTypeInvoker$2.invoke(ReloadedTypeInvoker.java:122)
	at org.springsource.loaded.ri.ReflectiveInterceptor.jlrMethodInvoke(ReflectiveInterceptor.java:1299)
	at org.codehaus.groovy.reflection.CachedMethod.invoke(CachedMethod.java:90)
	at groovy.lang.MetaMethod.doMethodInvoke(MetaMethod.java:233)
	at groovy.lang.MetaClassImpl.invokeMethod(MetaClassImpl.java:1086)
	at groovy.lang.ExpandoMetaClass.invokeMethod(ExpandoMetaClass.java:1110)
	at groovy.lang.MetaClassImpl.invokeMethod(MetaClassImpl.java:910)
	at groovy.lang.Closure.call(Closure.java:411)
	at softwareestimation.User$__clinit__closure1.call(User.groovy)
	at groovy.lang.Closure.call(Closure.java:405)
	at softwareestimation.User$__clinit__closure1.call(User.groovy)
	at org.codehaus.groovy.grails.validation.DefaultConstraintEvaluator.evaluateConstraints(DefaultConstraintEvaluator.java:105)
	at org.codehaus.groovy.grails.validation.DefaultConstraintEvaluator.evaluate(DefaultConstraintEvaluator.java:300)
	at org.codehaus.groovy.grails.commons.DefaultGrailsDomainClass.refreshConstraints(DefaultGrailsDomainClass.java:792)
	at org.codehaus.groovy.grails.commons.DefaultGrailsApplication.refreshConstraints(DefaultGrailsApplication.java:400)
	at org.codehaus.groovy.grails.commons.GrailsApplication$refreshConstraints$2.call(Unknown Source)
	at org.codehaus.groovy.grails.plugins.DomainClassGrailsPlugin$_closure3.doCall(DomainClassGrailsPlugin.groovy:158)
	at sun.reflect.NativeMethodAccessorImpl.invoke0(Native Method)
	at sun.reflect.NativeMethodAccessorImpl.invoke(NativeMethodAccessorImpl.java:62)
	at sun.reflect.DelegatingMethodAccessorImpl.invoke(DelegatingMethodAccessorImpl.java:43)
	at java.lang.reflect.Method.invoke(Method.java:483)
	at org.springsource.loaded.ri.ReflectiveInterceptor.jlrMethodInvoke(ReflectiveInterceptor.java:1276)
	at org.codehaus.groovy.reflection.CachedMethod.invoke(CachedMethod.java:90)
	at groovy.lang.MetaMethod.doMethodInvoke(MetaMethod.java:233)
	at groovy.lang.MetaClassImpl.invokeMethod(MetaClassImpl.java:1086)
	at groovy.lang.ExpandoMetaClass.invokeMethod(ExpandoMetaClass.java:1110)
	at groovy.lang.MetaClassImpl.invokeMethod(MetaClassImpl.java:910)
	at groovy.lang.Closure.call(Closure.java:411)
	at org.codehaus.groovy.grails.plugins.DefaultGrailsPlugin.invokeOnChangeListener(DefaultGrailsPlugin.java:767)
	at org.codehaus.groovy.grails.plugins.DefaultGrailsPlugin.notifyOfEvent(DefaultGrailsPlugin.java:716)
	at org.codehaus.groovy.grails.plugins.DefaultGrailsPlugin.notifyOfEvent(DefaultGrailsPlugin.java:731)
	at org.codehaus.groovy.grails.plugins.AbstractGrailsPluginManager.informOfClassChange(AbstractGrailsPluginManager.java:409)
	at org.codehaus.groovy.grails.compiler.GrailsProjectWatcher$2.run(GrailsProjectWatcher.java:263)
	at org.codehaus.groovy.grails.compiler.GrailsProjectWatcher.firePendingClassChangeEvents(GrailsProjectWatcher.java:124)
	at org.codehaus.groovy.grails.cli.agent.GrailsPluginManagerReloadPlugin.reloadEvent(GrailsPluginManagerReloadPlugin.java:42)
	at org.springsource.loaded.TypeRegistry.fireReloadEvent(TypeRegistry.java:1767)
	at org.springsource.loaded.ReloadableType.loadNewVersion(ReloadableType.java:405)
	at org.springsource.loaded.TypeRegistry.loadNewVersion(TypeRegistry.java:845)
	at org.springsource.loaded.agent.ReloadableFileChangeListener.fileChanged(ReloadableFileChangeListener.java:51)
	at org.springsource.loaded.agent.Watcher.determineChangesSince(FileSystemWatcher.java:235)
	at org.springsource.loaded.agent.Watcher.run(FileSystemWatcher.java:219)
	at java.lang.Thread.run(Thread.java:745)
2015-09-20 15:30:29,411 [FileSystemWatcher: files=#218 cl=groovy.lang.GroovyClassLoader@1951f28d] ERROR StackTrace  - Full Stack Trace:
java.lang.IllegalArgumentException: object is not an instance of declaring class
	at softwareestimation.User$__clinit__closure1$$EPOrKABE.doCall(User.groovy:12)
	at java.lang.Thread.run(Thread.java:745)
2015-09-20 15:30:29,411 [FileSystemWatcher: files=#218 cl=groovy.lang.GroovyClassLoader@1951f28d] ERROR StackTrace  - Full Stack Trace:
java.lang.IllegalArgumentException: object is not an instance of declaring class
	at softwareestimation.User$__clinit__closure1$$EPOrKABE.doCall(User.groovy:12)
	at java.lang.Thread.run(Thread.java:745)
2015-09-20 15:30:29,411 [FileSystemWatcher: files=#218 cl=groovy.lang.GroovyClassLoader@1951f28d] ERROR StackTrace  - Full Stack Trace:
java.lang.IllegalArgumentException: object is not an instance of declaring class
	at softwareestimation.User$__clinit__closure1$$EPOrKABE.doCall(User.groovy:12)
	at java.lang.Thread.run(Thread.java:745)
